2025-06-23 20:45:31 [INFO] (test_bus_booking.py:21) TEST CASE: test_navigate_to_bus
2025-06-23 20:45:31 [INFO] (bus_booking_page_class.py:11) Open URL: https://www.goibibo.com/bus/
2025-06-23 20:45:38 [INFO] (test_bus_booking.py:25) TEST CASE: test_select_src_city
2025-06-23 20:45:38 [INFO] (bus_booking_page_class.py:15) select source city: Mumbai, Maharashtra
2025-06-23 20:45:38 [INFO] (selenium_base.py:24) entering text  Mumbai, Maharashtra, on element in this locator: ('name', 'autosuggestBusSRPSrcHomeName')
2025-06-23 20:45:38 [INFO] (selenium_base.py:14) Getting element with this locator: ('name', 'autosuggestBusSRPSrcHomeName')
2025-06-23 20:45:38 [INFO] (selenium_base.py:19) clicking on element with this locator: ('xpath', "//span[text()='Mumbai, Maharashtra']//parent::li")
2025-06-23 20:45:38 [INFO] (selenium_base.py:14) Getting element with this locator: ('xpath', "//span[text()='Mumbai, Maharashtra']//parent::li")
2025-06-23 20:45:39 [INFO] (test_bus_booking.py:29) TEST CASE: test_select_dest_city
2025-06-23 20:45:39 [INFO] (bus_booking_page_class.py:21) select dest city: Pune, Maharashtra
2025-06-23 20:45:39 [INFO] (selenium_base.py:24) entering text  Pune, Maharashtra, on element in this locator: ('id', 'autosuggestBusSRPDestHome')
2025-06-23 20:45:39 [INFO] (selenium_base.py:14) Getting element with this locator: ('id', 'autosuggestBusSRPDestHome')
2025-06-23 20:45:40 [INFO] (selenium_base.py:19) clicking on element with this locator: ('xpath', "//span[text()='Pune, Maharashtra']//parent::li")
2025-06-23 20:45:40 [INFO] (selenium_base.py:14) Getting element with this locator: ('xpath', "//span[text()='Pune, Maharashtra']//parent::li")
2025-06-23 20:45:41 [INFO] (test_bus_booking.py:33) TEST CASE: test_select_depart_date
2025-06-23 20:45:41 [INFO] (bus_booking_page_class.py:27) select depart date: 25
2025-06-23 20:45:41 [INFO] (selenium_base.py:19) clicking on element with this locator: ('xpath', "//input[@placeholder='Pick a date']")
2025-06-23 20:45:41 [INFO] (selenium_base.py:14) Getting element with this locator: ('xpath', "//input[@placeholder='Pick a date']")
2025-06-23 20:45:41 [INFO] (selenium_base.py:19) clicking on element with this locator: ('xpath', "//span[text()='25']//parent::li")
2025-06-23 20:45:41 [INFO] (selenium_base.py:14) Getting element with this locator: ('xpath', "//span[text()='25']//parent::li")
2025-06-23 20:45:41 [INFO] (test_bus_booking.py:37) TEST CASE: test_click_to_search_button
2025-06-23 20:45:41 [INFO] (bus_booking_page_class.py:33) click to search button
2025-06-23 20:45:41 [INFO] (selenium_base.py:19) clicking on element with this locator: ('xpath', "//button[@data-testid='searchBusBtn']")
2025-06-23 20:45:41 [INFO] (selenium_base.py:14) Getting element with this locator: ('xpath', "//button[@data-testid='searchBusBtn']")
2025-06-23 20:46:02 [INFO] (test_bus_booking.py:41) TEST CASE: test_select_bus_to_travel
2025-06-23 20:46:02 [INFO] (bus_booking_page_class.py:37) Selecting bus to book the seat
2025-06-23 20:46:02 [INFO] (selenium_base.py:19) clicking on element with this locator: ('xpath', "(//p[text()='Zingbus Plus']//parent::div//parent::div//span[text()='SELECT SEAT'])[1]")
2025-06-23 20:46:02 [INFO] (selenium_base.py:14) Getting element with this locator: ('xpath', "(//p[text()='Zingbus Plus']//parent::div//parent::div//span[text()='SELECT SEAT'])[1]")
2025-06-23 20:46:07 [INFO] (bus_booking_page_class.py:42) Selecting boarding point : Kalamboli
2025-06-23 20:46:07 [INFO] (selenium_base.py:19) clicking on element with this locator: ('xpath', "//p[text()='Boarding Point']//parent::div//p[text()='Kalamboli']//ancestor::label/label")
2025-06-23 20:46:07 [INFO] (selenium_base.py:14) Getting element with this locator: ('xpath', "//p[text()='Boarding Point']//parent::div//p[text()='Kalamboli']//ancestor::label/label")
2025-06-23 20:46:13 [INFO] (bus_booking_page_class.py:48) Selecting dropping point : Wakad Jinger Hotel
2025-06-23 20:46:13 [INFO] (selenium_base.py:19) clicking on element with this locator: ('xpath', "//p[text()='Dropping Point']//parent::div//p[text()='Wakad Jinger Hotel']//ancestor::label/label")
2025-06-23 20:46:13 [INFO] (selenium_base.py:14) Getting element with this locator: ('xpath', "//p[text()='Dropping Point']//parent::div//p[text()='Wakad Jinger Hotel']//ancestor::label/label")
